<?xml version="1.0" encoding="UTF-8"?>
<testsuite xmlns:xsi="http://www.w3.org/2001/XMLSchema-instance" xsi:noNamespaceSchemaLocation="https://maven.apache.org/surefire/maven-surefire-plugin/xsd/surefire-test-report.xsd" name="TestSuite" time="23.328" tests="1" errors="0" skipped="0" failures="0">
  <properties>
    <property name="java.specification.version" value="17"/>
    <property name="sun.cpu.isalist" value="amd64"/>
    <property name="sun.jnu.encoding" value="Cp1252"/>
    <property name="java.class.path" value="C:\Users\sandeep.ahalawat\Downloads\Automation Practice\InetbankingV1\target\test-classes;C:\Users\sandeep.ahalawat\Downloads\Automation Practice\InetbankingV1\target\classes;C:\Users\sandeep.ahalawat\.m2\repository\junit\junit\3.8.1\junit-3.8.1.jar;C:\Users\sandeep.ahalawat\.m2\repository\org\seleniumhq\selenium\selenium-java\3.14.0\selenium-java-3.14.0.jar;C:\Users\sandeep.ahalawat\.m2\repository\org\seleniumhq\selenium\selenium-api\3.14.0\selenium-api-3.14.0.jar;C:\Users\sandeep.ahalawat\.m2\repository\org\seleniumhq\selenium\selenium-chrome-driver\3.14.0\selenium-chrome-driver-3.14.0.jar;C:\Users\sandeep.ahalawat\.m2\repository\org\seleniumhq\selenium\selenium-edge-driver\3.14.0\selenium-edge-driver-3.14.0.jar;C:\Users\sandeep.ahalawat\.m2\repository\org\seleniumhq\selenium\selenium-firefox-driver\3.14.0\selenium-firefox-driver-3.14.0.jar;C:\Users\sandeep.ahalawat\.m2\repository\org\seleniumhq\selenium\selenium-ie-driver\3.14.0\selenium-ie-driver-3.14.0.jar;C:\Users\sandeep.ahalawat\.m2\repository\org\seleniumhq\selenium\selenium-opera-driver\3.14.0\selenium-opera-driver-3.14.0.jar;C:\Users\sandeep.ahalawat\.m2\repository\org\seleniumhq\selenium\selenium-remote-driver\3.14.0\selenium-remote-driver-3.14.0.jar;C:\Users\sandeep.ahalawat\.m2\repository\org\seleniumhq\selenium\selenium-safari-driver\3.14.0\selenium-safari-driver-3.14.0.jar;C:\Users\sandeep.ahalawat\.m2\repository\org\seleniumhq\selenium\selenium-support\3.14.0\selenium-support-3.14.0.jar;C:\Users\sandeep.ahalawat\.m2\repository\net\bytebuddy\byte-buddy\1.8.15\byte-buddy-1.8.15.jar;C:\Users\sandeep.ahalawat\.m2\repository\org\apache\commons\commons-exec\1.3\commons-exec-1.3.jar;C:\Users\sandeep.ahalawat\.m2\repository\commons-codec\commons-codec\1.10\commons-codec-1.10.jar;C:\Users\sandeep.ahalawat\.m2\repository\commons-logging\commons-logging\1.2\commons-logging-1.2.jar;C:\Users\sandeep.ahalawat\.m2\repository\com\google\guava\guava\25.0-jre\guava-25.0-jre.jar;C:\Users\sandeep.ahalawat\.m2\repository\com\google\code\findbugs\jsr305\1.3.9\jsr305-1.3.9.jar;C:\Users\sandeep.ahalawat\.m2\repository\org\checkerframework\checker-compat-qual\2.0.0\checker-compat-qual-2.0.0.jar;C:\Users\sandeep.ahalawat\.m2\repository\com\google\errorprone\error_prone_annotations\2.1.3\error_prone_annotations-2.1.3.jar;C:\Users\sandeep.ahalawat\.m2\repository\com\google\j2objc\j2objc-annotations\1.1\j2objc-annotations-1.1.jar;C:\Users\sandeep.ahalawat\.m2\repository\org\codehaus\mojo\animal-sniffer-annotations\1.14\animal-sniffer-annotations-1.14.jar;C:\Users\sandeep.ahalawat\.m2\repository\org\apache\httpcomponents\httpclient\4.5.5\httpclient-4.5.5.jar;C:\Users\sandeep.ahalawat\.m2\repository\org\apache\httpcomponents\httpcore\4.4.9\httpcore-4.4.9.jar;C:\Users\sandeep.ahalawat\.m2\repository\com\squareup\okhttp3\okhttp\3.10.0\okhttp-3.10.0.jar;C:\Users\sandeep.ahalawat\.m2\repository\com\squareup\okio\okio\1.14.1\okio-1.14.1.jar;C:\Users\sandeep.ahalawat\.m2\repository\org\testng\testng\6.14.3\testng-6.14.3.jar;C:\Users\sandeep.ahalawat\.m2\repository\com\beust\jcommander\1.72\jcommander-1.72.jar;C:\Users\sandeep.ahalawat\.m2\repository\org\apache-extras\beanshell\bsh\2.0b6\bsh-2.0b6.jar;C:\Users\sandeep.ahalawat\.m2\repository\org\apache\poi\poi\3.17\poi-3.17.jar;C:\Users\sandeep.ahalawat\.m2\repository\org\apache\commons\commons-collections4\4.1\commons-collections4-4.1.jar;C:\Users\sandeep.ahalawat\.m2\repository\org\apache\poi\poi-ooxml\3.17\poi-ooxml-3.17.jar;C:\Users\sandeep.ahalawat\.m2\repository\org\apache\poi\poi-ooxml-schemas\3.17\poi-ooxml-schemas-3.17.jar;C:\Users\sandeep.ahalawat\.m2\repository\org\apache\xmlbeans\xmlbeans\2.6.0\xmlbeans-2.6.0.jar;C:\Users\sandeep.ahalawat\.m2\repository\stax\stax-api\1.0.1\stax-api-1.0.1.jar;C:\Users\sandeep.ahalawat\.m2\repository\com\github\virtuald\curvesapi\1.04\curvesapi-1.04.jar;C:\Users\sandeep.ahalawat\.m2\repository\com\aventstack\extentreports\3.1.2\extentreports-3.1.2.jar;C:\Users\sandeep.ahalawat\.m2\repository\org\freemarker\freemarker\2.3.23\freemarker-2.3.23.jar;C:\Users\sandeep.ahalawat\.m2\repository\org\mongodb\mongodb-driver\3.3.0\mongodb-driver-3.3.0.jar;C:\Users\sandeep.ahalawat\.m2\repository\org\mongodb\bson\3.3.0\bson-3.3.0.jar;C:\Users\sandeep.ahalawat\.m2\repository\org\mongodb\mongodb-driver-core\3.3.0\mongodb-driver-core-3.3.0.jar;C:\Users\sandeep.ahalawat\.m2\repository\org\apache\httpcomponents\httpmime\4.5.2\httpmime-4.5.2.jar;C:\Users\sandeep.ahalawat\.m2\repository\org\jsoup\jsoup\1.9.2\jsoup-1.9.2.jar;C:\Users\sandeep.ahalawat\.m2\repository\com\google\code\gson\gson\2.8.0\gson-2.8.0.jar;C:\Users\sandeep.ahalawat\.m2\repository\org\apache\commons\commons-lang3\3.0\commons-lang3-3.0.jar;C:\Users\sandeep.ahalawat\.m2\repository\commons-io\commons-io\1.3.2\commons-io-1.3.2.jar;C:\Users\sandeep.ahalawat\.m2\repository\log4j\log4j\1.2.17\log4j-1.2.17.jar;C:\Users\sandeep.ahalawat\.m2\repository\org\apache\maven\surefire\surefire-testng-utils\2.22.0\surefire-testng-utils-2.22.0.jar;C:\Users\sandeep.ahalawat\.m2\repository\org\apache\maven\surefire\surefire-grouper\2.22.0\surefire-grouper-2.22.0.jar;"/>
    <property name="java.vm.vendor" value="Eclipse Adoptium"/>
    <property name="sun.arch.data.model" value="64"/>
    <property name="user.variant" value=""/>
    <property name="java.vendor.url" value="https://adoptium.net/"/>
    <property name="user.timezone" value="Asia/Calcutta"/>
    <property name="os.name" value="Windows 10"/>
    <property name="java.vm.specification.version" value="17"/>
    <property name="sun.java.launcher" value="SUN_STANDARD"/>
    <property name="user.country" value="IN"/>
    <property name="sun.boot.library.path" value="C:\Users\sandeep.ahalawat\.p2\pool\plugins\org.eclipse.justj.openjdk.hotspot.jre.full.win32.x86_64_17.0.2.v20220201-1208\jre\bin"/>
    <property name="sun.java.command" value="C:\Users\SANDEE~1.AHA\AppData\Local\Temp\surefire8034599465969095038\surefirebooter1529643799123030707.jar C:\Users\sandeep.ahalawat\AppData\Local\Temp\surefire8034599465969095038 2022-07-06T12-04-20_906-jvmRun1 surefire12989403156849166187tmp surefire_011456794989054948643tmp"/>
    <property name="jdk.debug" value="release"/>
    <property name="surefire.test.class.path" value="C:\Users\sandeep.ahalawat\Downloads\Automation Practice\InetbankingV1\target\test-classes;C:\Users\sandeep.ahalawat\Downloads\Automation Practice\InetbankingV1\target\classes;C:\Users\sandeep.ahalawat\.m2\repository\junit\junit\3.8.1\junit-3.8.1.jar;C:\Users\sandeep.ahalawat\.m2\repository\org\seleniumhq\selenium\selenium-java\3.14.0\selenium-java-3.14.0.jar;C:\Users\sandeep.ahalawat\.m2\repository\org\seleniumhq\selenium\selenium-api\3.14.0\selenium-api-3.14.0.jar;C:\Users\sandeep.ahalawat\.m2\repository\org\seleniumhq\selenium\selenium-chrome-driver\3.14.0\selenium-chrome-driver-3.14.0.jar;C:\Users\sandeep.ahalawat\.m2\repository\org\seleniumhq\selenium\selenium-edge-driver\3.14.0\selenium-edge-driver-3.14.0.jar;C:\Users\sandeep.ahalawat\.m2\repository\org\seleniumhq\selenium\selenium-firefox-driver\3.14.0\selenium-firefox-driver-3.14.0.jar;C:\Users\sandeep.ahalawat\.m2\repository\org\seleniumhq\selenium\selenium-ie-driver\3.14.0\selenium-ie-driver-3.14.0.jar;C:\Users\sandeep.ahalawat\.m2\repository\org\seleniumhq\selenium\selenium-opera-driver\3.14.0\selenium-opera-driver-3.14.0.jar;C:\Users\sandeep.ahalawat\.m2\repository\org\seleniumhq\selenium\selenium-remote-driver\3.14.0\selenium-remote-driver-3.14.0.jar;C:\Users\sandeep.ahalawat\.m2\repository\org\seleniumhq\selenium\selenium-safari-driver\3.14.0\selenium-safari-driver-3.14.0.jar;C:\Users\sandeep.ahalawat\.m2\repository\org\seleniumhq\selenium\selenium-support\3.14.0\selenium-support-3.14.0.jar;C:\Users\sandeep.ahalawat\.m2\repository\net\bytebuddy\byte-buddy\1.8.15\byte-buddy-1.8.15.jar;C:\Users\sandeep.ahalawat\.m2\repository\org\apache\commons\commons-exec\1.3\commons-exec-1.3.jar;C:\Users\sandeep.ahalawat\.m2\repository\commons-codec\commons-codec\1.10\commons-codec-1.10.jar;C:\Users\sandeep.ahalawat\.m2\repository\commons-logging\commons-logging\1.2\commons-logging-1.2.jar;C:\Users\sandeep.ahalawat\.m2\repository\com\google\guava\guava\25.0-jre\guava-25.0-jre.jar;C:\Users\sandeep.ahalawat\.m2\repository\com\google\code\findbugs\jsr305\1.3.9\jsr305-1.3.9.jar;C:\Users\sandeep.ahalawat\.m2\repository\org\checkerframework\checker-compat-qual\2.0.0\checker-compat-qual-2.0.0.jar;C:\Users\sandeep.ahalawat\.m2\repository\com\google\errorprone\error_prone_annotations\2.1.3\error_prone_annotations-2.1.3.jar;C:\Users\sandeep.ahalawat\.m2\repository\com\google\j2objc\j2objc-annotations\1.1\j2objc-annotations-1.1.jar;C:\Users\sandeep.ahalawat\.m2\repository\org\codehaus\mojo\animal-sniffer-annotations\1.14\animal-sniffer-annotations-1.14.jar;C:\Users\sandeep.ahalawat\.m2\repository\org\apache\httpcomponents\httpclient\4.5.5\httpclient-4.5.5.jar;C:\Users\sandeep.ahalawat\.m2\repository\org\apache\httpcomponents\httpcore\4.4.9\httpcore-4.4.9.jar;C:\Users\sandeep.ahalawat\.m2\repository\com\squareup\okhttp3\okhttp\3.10.0\okhttp-3.10.0.jar;C:\Users\sandeep.ahalawat\.m2\repository\com\squareup\okio\okio\1.14.1\okio-1.14.1.jar;C:\Users\sandeep.ahalawat\.m2\repository\org\testng\testng\6.14.3\testng-6.14.3.jar;C:\Users\sandeep.ahalawat\.m2\repository\com\beust\jcommander\1.72\jcommander-1.72.jar;C:\Users\sandeep.ahalawat\.m2\repository\org\apache-extras\beanshell\bsh\2.0b6\bsh-2.0b6.jar;C:\Users\sandeep.ahalawat\.m2\repository\org\apache\poi\poi\3.17\poi-3.17.jar;C:\Users\sandeep.ahalawat\.m2\repository\org\apache\commons\commons-collections4\4.1\commons-collections4-4.1.jar;C:\Users\sandeep.ahalawat\.m2\repository\org\apache\poi\poi-ooxml\3.17\poi-ooxml-3.17.jar;C:\Users\sandeep.ahalawat\.m2\repository\org\apache\poi\poi-ooxml-schemas\3.17\poi-ooxml-schemas-3.17.jar;C:\Users\sandeep.ahalawat\.m2\repository\org\apache\xmlbeans\xmlbeans\2.6.0\xmlbeans-2.6.0.jar;C:\Users\sandeep.ahalawat\.m2\repository\stax\stax-api\1.0.1\stax-api-1.0.1.jar;C:\Users\sandeep.ahalawat\.m2\repository\com\github\virtuald\curvesapi\1.04\curvesapi-1.04.jar;C:\Users\sandeep.ahalawat\.m2\repository\com\aventstack\extentreports\3.1.2\extentreports-3.1.2.jar;C:\Users\sandeep.ahalawat\.m2\repository\org\freemarker\freemarker\2.3.23\freemarker-2.3.23.jar;C:\Users\sandeep.ahalawat\.m2\repository\org\mongodb\mongodb-driver\3.3.0\mongodb-driver-3.3.0.jar;C:\Users\sandeep.ahalawat\.m2\repository\org\mongodb\bson\3.3.0\bson-3.3.0.jar;C:\Users\sandeep.ahalawat\.m2\repository\org\mongodb\mongodb-driver-core\3.3.0\mongodb-driver-core-3.3.0.jar;C:\Users\sandeep.ahalawat\.m2\repository\org\apache\httpcomponents\httpmime\4.5.2\httpmime-4.5.2.jar;C:\Users\sandeep.ahalawat\.m2\repository\org\jsoup\jsoup\1.9.2\jsoup-1.9.2.jar;C:\Users\sandeep.ahalawat\.m2\repository\com\google\code\gson\gson\2.8.0\gson-2.8.0.jar;C:\Users\sandeep.ahalawat\.m2\repository\org\apache\commons\commons-lang3\3.0\commons-lang3-3.0.jar;C:\Users\sandeep.ahalawat\.m2\repository\commons-io\commons-io\1.3.2\commons-io-1.3.2.jar;C:\Users\sandeep.ahalawat\.m2\repository\log4j\log4j\1.2.17\log4j-1.2.17.jar;C:\Users\sandeep.ahalawat\.m2\repository\org\apache\maven\surefire\surefire-testng-utils\2.22.0\surefire-testng-utils-2.22.0.jar;C:\Users\sandeep.ahalawat\.m2\repository\org\apache\maven\surefire\surefire-grouper\2.22.0\surefire-grouper-2.22.0.jar;"/>
    <property name="sun.cpu.endian" value="little"/>
    <property name="user.home" value="C:\Users\sandeep.ahalawat"/>
    <property name="user.language" value="en"/>
    <property name="java.specification.vendor" value="Oracle Corporation"/>
    <property name="java.version.date" value="2022-01-18"/>
    <property name="java.home" value="C:\Users\sandeep.ahalawat\.p2\pool\plugins\org.eclipse.justj.openjdk.hotspot.jre.full.win32.x86_64_17.0.2.v20220201-1208\jre"/>
    <property name="file.separator" value="\"/>
    <property name="basedir" value="C:\Users\sandeep.ahalawat\Downloads\Automation Practice\InetbankingV1"/>
    <property name="java.vm.compressedOopsMode" value="32-bit"/>
    <property name="line.separator" value="&#10;"/>
    <property name="java.vm.specification.vendor" value="Oracle Corporation"/>
    <property name="java.specification.name" value="Java Platform API Specification"/>
    <property name="surefire.real.class.path" value="C:\Users\SANDEE~1.AHA\AppData\Local\Temp\surefire8034599465969095038\surefirebooter1529643799123030707.jar"/>
    <property name="user.script" value=""/>
    <property name="sun.management.compiler" value="HotSpot 64-Bit Tiered Compilers"/>
    <property name="java.runtime.version" value="17.0.2+8"/>
    <property name="user.name" value="sandeep.ahalawat"/>
    <property name="path.separator" value=";"/>
    <property name="os.version" value="10.0"/>
    <property name="java.runtime.name" value="OpenJDK Runtime Environment"/>
    <property name="file.encoding" value="Cp1252"/>
    <property name="java.vm.name" value="OpenJDK 64-Bit Server VM"/>
    <property name="java.vendor.version" value="Temurin-17.0.2+8"/>
    <property name="localRepository" value="C:\Users\sandeep.ahalawat\.m2\repository"/>
    <property name="java.vendor.url.bug" value="https://github.com/adoptium/adoptium-support/issues"/>
    <property name="java.io.tmpdir" value="C:\Users\SANDEE~1.AHA\AppData\Local\Temp\"/>
    <property name="java.version" value="17.0.2"/>
    <property name="user.dir" value="C:\Users\sandeep.ahalawat\Downloads\Automation Practice\InetbankingV1"/>
    <property name="os.arch" value="amd64"/>
    <property name="java.vm.specification.name" value="Java Virtual Machine Specification"/>
    <property name="sun.os.patch.level" value=""/>
    <property name="native.encoding" value="Cp1252"/>
    <property name="java.library.path" value="C:\Users\sandeep.ahalawat\.p2\pool\plugins\org.eclipse.justj.openjdk.hotspot.jre.full.win32.x86_64_17.0.2.v20220201-1208\jre\bin;C:\windows\Sun\Java\bin;C:\windows\system32;C:\windows;C:/Users/sandeep.ahalawat/.p2/pool/plugins/org.eclipse.justj.openjdk.hotspot.jre.full.win32.x86_64_17.0.2.v20220201-1208/jre/bin/server;C:/Users/sandeep.ahalawat/.p2/pool/plugins/org.eclipse.justj.openjdk.hotspot.jre.full.win32.x86_64_17.0.2.v20220201-1208/jre/bin;C:\windows\system32;C:\windows;C:\windows\System32\Wbem;C:\windows\System32\WindowsPowerShell\v1.0\;C:\windows\System32\OpenSSH\;C:\Program Files (x86)\Pulse Secure\VC142.CRT\X64\;C:\Program Files (x86)\Pulse Secure\VC142.CRT\X86\;C:\Program Files (x86)\Common Files\Pulse Secure\VC142.CRT\X64\;C:\Program Files (x86)\Common Files\Pulse Secure\VC142.CRT\X86\;C:\Program Files (x86)\Symantec\VIP Access Client\;C:\Program Files\Java\jdk-17.0.2\bin;C:\Program Files\Java\jre1.8.0_321\bin;C:\Users\sandeep.ahalawat\Downloads\Automation Practice\Browser Drivers;C:\Users\sandeep.ahalawat\AppData\Local\Microsoft\WindowsApps;C:\Users\sandeep.ahalawat\AppData\Local\Programs\Microsoft VS Code\bin;C:\Program Files\sfdx\bin;C:\Users\sandeep.ahalawat\AppData\Local\Programs\Git\cmd;C:\Users\sandeep.ahalawat\OneDrive - Accenture\Desktop;;."/>
    <property name="java.vm.info" value="mixed mode"/>
    <property name="java.vendor" value="Eclipse Adoptium"/>
    <property name="java.vm.version" value="17.0.2+8"/>
    <property name="sun.io.unicode.encoding" value="UnicodeLittle"/>
    <property name="java.class.version" value="61.0"/>
  </properties>
  <testcase name="loginTest" classname="com.inetbanking.testCases.TC_LoginTest_001" time="10.129"/>
</testsuite>